  [1m[35m (0.1ms)[0m  [1m[34mSELECT sqlite_version(*)[0m
  [1m[35m (15.7ms)[0m  [1m[35mCREATE TABLE "schema_migrations" ("version" varchar NOT NULL PRIMARY KEY)[0m
  [1m[35m (6.1ms)[0m  [1m[35mCREATE TABLE "ar_internal_metadata" ("key" varchar NOT NULL PRIMARY KEY, "value" varchar, "created_at" datetime NOT NULL, "updated_at" datetime NOT NULL)[0m
  [1m[35m (0.4ms)[0m  [1m[34mSELECT "schema_migrations"."version" FROM "schema_migrations" ORDER BY "schema_migrations"."version" ASC[0m
Migrating to CreateProducts (20171212062724)
  [1m[35m (0.1ms)[0m  [1m[36mbegin transaction[0m
  [1m[35m (2.3ms)[0m  [1m[35mCREATE TABLE "products" ("id" INTEGER PRIMARY KEY AUTOINCREMENT NOT NULL, "title" varchar, "description" text, "image_url" varchar, "price" decimal(8,2), "created_at" datetime NOT NULL, "updated_at" datetime NOT NULL)[0m
  [1m[35mSQL (16.7ms)[0m  [1m[32mINSERT INTO "schema_migrations" ("version") VALUES (?)[0m  [["version", "20171212062724"]]
  [1m[35m (16.5ms)[0m  [1m[36mcommit transaction[0m
  [1m[36mActiveRecord::InternalMetadata Load (0.2ms)[0m  [1m[34mSELECT  "ar_internal_metadata".* FROM "ar_internal_metadata" WHERE "ar_internal_metadata"."key" = ? LIMIT ?[0m  [["key", "environment"], ["LIMIT", 1]]
  [1m[35m (0.1ms)[0m  [1m[36mbegin transaction[0m
  [1m[35mSQL (0.9ms)[0m  [1m[32mINSERT INTO "ar_internal_metadata" ("key", "value", "created_at", "updated_at") VALUES (?, ?, ?, ?)[0m  [["key", "environment"], ["value", "development"], ["created_at", "2017-12-13 05:31:55.985069"], ["updated_at", "2017-12-13 05:31:55.985069"]]
  [1m[35m (5.8ms)[0m  [1m[36mcommit transaction[0m
  [1m[35m (0.3ms)[0m  [1m[34mSELECT "schema_migrations"."version" FROM "schema_migrations" ORDER BY "schema_migrations"."version" ASC[0m
Started GET "/say/goodbye" for 127.0.0.1 at 2017-12-12 22:37:52 -0700
  [1m[35m (0.2ms)[0m  [1m[34mSELECT "schema_migrations"."version" FROM "schema_migrations" ORDER BY "schema_migrations"."version" ASC[0m
  
ActionController::RoutingError (No route matches [GET] "/say/goodbye"):
  
actionpack (5.1.4) lib/action_dispatch/middleware/debug_exceptions.rb:63:in `call'
web-console (3.5.1) lib/web_console/middleware.rb:135:in `call_app'
web-console (3.5.1) lib/web_console/middleware.rb:28:in `block in call'
web-console (3.5.1) lib/web_console/middleware.rb:18:in `catch'
web-console (3.5.1) lib/web_console/middleware.rb:18:in `call'
actionpack (5.1.4) lib/action_dispatch/middleware/show_exceptions.rb:31:in `call'
railties (5.1.4) lib/rails/rack/logger.rb:36:in `call_app'
railties (5.1.4) lib/rails/rack/logger.rb:24:in `block in call'
activesupport (5.1.4) lib/active_support/tagged_logging.rb:69:in `block in tagged'
activesupport (5.1.4) lib/active_support/tagged_logging.rb:26:in `tagged'
activesupport (5.1.4) lib/active_support/tagged_logging.rb:69:in `tagged'
railties (5.1.4) lib/rails/rack/logger.rb:24:in `call'
sprockets-rails (3.2.1) lib/sprockets/rails/quiet_assets.rb:13:in `call'
actionpack (5.1.4) lib/action_dispatch/middleware/remote_ip.rb:79:in `call'
actionpack (5.1.4) lib/action_dispatch/middleware/request_id.rb:25:in `call'
rack (2.0.3) lib/rack/method_override.rb:22:in `call'
rack (2.0.3) lib/rack/runtime.rb:22:in `call'
activesupport (5.1.4) lib/active_support/cache/strategy/local_cache_middleware.rb:27:in `call'
actionpack (5.1.4) lib/action_dispatch/middleware/executor.rb:12:in `call'
actionpack (5.1.4) lib/action_dispatch/middleware/static.rb:125:in `call'
rack (2.0.3) lib/rack/sendfile.rb:111:in `call'
railties (5.1.4) lib/rails/engine.rb:522:in `call'
puma (3.11.0) lib/puma/configuration.rb:225:in `call'
puma (3.11.0) lib/puma/server.rb:624:in `handle_request'
puma (3.11.0) lib/puma/server.rb:438:in `process_client'
puma (3.11.0) lib/puma/server.rb:302:in `block in run'
puma (3.11.0) lib/puma/thread_pool.rb:120:in `block in spawn_thread'
Started GET "/" for 127.0.0.1 at 2017-12-12 22:38:56 -0700
Processing by Rails::WelcomeController#index as HTML
  Rendering /home/ben/.rvm/gems/ruby-2.4.1@global/gems/railties-5.1.4/lib/rails/templates/rails/welcome/index.html.erb
  Rendered /home/ben/.rvm/gems/ruby-2.4.1@global/gems/railties-5.1.4/lib/rails/templates/rails/welcome/index.html.erb (2.9ms)
Completed 200 OK in 24ms (Views: 4.6ms | ActiveRecord: 0.0ms)


Started GET "/products" for 127.0.0.1 at 2017-12-12 22:40:58 -0700
Processing by ProductsController#index as HTML
  Rendering products/index.html.erb within layouts/application
  [1m[36mProduct Load (0.1ms)[0m  [1m[34mSELECT "products".* FROM "products"[0m
  Rendered products/index.html.erb within layouts/application (4.7ms)
Completed 200 OK in 1043ms (Views: 1038.6ms | ActiveRecord: 0.9ms)


Started GET "/products/new" for 127.0.0.1 at 2017-12-12 22:41:18 -0700
Processing by ProductsController#new as HTML
  Rendering products/new.html.erb within layouts/application
  Rendered products/_form.html.erb (103.2ms)
  Rendered products/new.html.erb within layouts/application (104.6ms)
Completed 200 OK in 137ms (Views: 122.7ms | ActiveRecord: 0.6ms)


Started GET "/products/new" for 127.0.0.1 at 2017-12-12 22:45:26 -0700
Processing by ProductsController#new as HTML
  Rendering products/new.html.erb within layouts/application
  Rendered products/_form.html.erb (2.6ms)
  Rendered products/new.html.erb within layouts/application (8.6ms)
Completed 200 OK in 38ms (Views: 36.7ms | ActiveRecord: 0.0ms)


Started POST "/products" for 127.0.0.1 at 2017-12-12 22:48:12 -0700
Processing by ProductsController#create as HTML
  Parameters: {"utf8"=>"✓", "authenticity_token"=>"3QJ4GIS6cndqE38DNaJRWtiVC55oRL2qZ4WnxE52SFflMwdVlgbobhl+gpRQcCbe8ab3QgREmk6Ft84upEdwTA==", "product"=>{"title"=>"Book", "description"=>"<h1>A Great Book</h1>\r\n<p>\r\n  A tragic tale about a boy who had a book.\r\n</p>", "image_url"=>"/images/?apps.jpg", "price"=>"35.00"}, "commit"=>"Create Product"}
  [1m[35m (0.1ms)[0m  [1m[36mbegin transaction[0m
  [1m[35mSQL (5.8ms)[0m  [1m[32mINSERT INTO "products" ("title", "description", "image_url", "price", "created_at", "updated_at") VALUES (?, ?, ?, ?, ?, ?)[0m  [["title", "Book"], ["description", "<h1>A Great Book</h1>\r\n<p>\r\n  A tragic tale about a boy who had a book.\r\n</p>"], ["image_url", "/images/?apps.jpg"], ["price", 35.0], ["created_at", "2017-12-13 05:48:12.177754"], ["updated_at", "2017-12-13 05:48:12.177754"]]
  [1m[35m (5.1ms)[0m  [1m[36mcommit transaction[0m
Redirected to http://localhost:3000/products/1
Completed 302 Found in 18ms (ActiveRecord: 11.0ms)


Started GET "/products/1" for 127.0.0.1 at 2017-12-12 22:48:12 -0700
Processing by ProductsController#show as HTML
  Parameters: {"id"=>"1"}
  [1m[36mProduct Load (0.2ms)[0m  [1m[34mSELECT  "products".* FROM "products" WHERE "products"."id" = ? LIMIT ?[0m  [["id", 1], ["LIMIT", 1]]
  Rendering products/show.html.erb within layouts/application
  Rendered products/show.html.erb within layouts/application (0.8ms)
Completed 200 OK in 61ms (Views: 24.7ms | ActiveRecord: 0.2ms)


Started GET "/products" for 127.0.0.1 at 2017-12-12 22:48:18 -0700
Processing by ProductsController#index as HTML
  Rendering products/index.html.erb within layouts/application
  [1m[36mProduct Load (0.3ms)[0m  [1m[34mSELECT "products".* FROM "products"[0m
  Rendered products/index.html.erb within layouts/application (2.5ms)
Completed 200 OK in 24ms (Views: 22.6ms | ActiveRecord: 0.3ms)


Started GET "/" for 127.0.0.1 at 2017-12-12 22:55:53 -0700
Processing by Rails::WelcomeController#index as HTML
  Rendering /home/ben/.rvm/gems/ruby-2.4.1@global/gems/railties-5.1.4/lib/rails/templates/rails/welcome/index.html.erb
  Rendered /home/ben/.rvm/gems/ruby-2.4.1@global/gems/railties-5.1.4/lib/rails/templates/rails/welcome/index.html.erb (2.8ms)
Completed 200 OK in 6ms (Views: 4.3ms | ActiveRecord: 0.0ms)


Started GET "/products" for 127.0.0.1 at 2017-12-12 22:59:22 -0700
Processing by ProductsController#index as HTML
  Rendering products/index.html.erb within layouts/application
  [1m[36mProduct Load (0.3ms)[0m  [1m[34mSELECT "products".* FROM "products"[0m
  Rendered products/index.html.erb within layouts/application (3.3ms)
Completed 200 OK in 77ms (Views: 73.7ms | ActiveRecord: 0.3ms)


Started DELETE "/products/1" for 127.0.0.1 at 2017-12-12 22:59:29 -0700
Processing by ProductsController#destroy as HTML
  Parameters: {"authenticity_token"=>"dXnTVMPDs2c9PwWBAroqGjjPtTqStkIqSwh6vFn5uxxNSKwZ0X8pfk5S+BZnaF2eEfxJ5v62Zc6pOhNWs8iDBw==", "id"=>"1"}
  [1m[36mProduct Load (0.2ms)[0m  [1m[34mSELECT  "products".* FROM "products" WHERE "products"."id" = ? LIMIT ?[0m  [["id", 1], ["LIMIT", 1]]
  [1m[35m (0.0ms)[0m  [1m[36mbegin transaction[0m
  [1m[35mSQL (1.0ms)[0m  [1m[31mDELETE FROM "products" WHERE "products"."id" = ?[0m  [["id", 1]]
  [1m[35m (3.9ms)[0m  [1m[36mcommit transaction[0m
Redirected to http://localhost:3000/products
Completed 302 Found in 11ms (ActiveRecord: 5.1ms)


Started GET "/products" for 127.0.0.1 at 2017-12-12 22:59:30 -0700
Processing by ProductsController#index as HTML
  Rendering products/index.html.erb within layouts/application
  [1m[36mProduct Load (0.2ms)[0m  [1m[34mSELECT "products".* FROM "products"[0m
  Rendered products/index.html.erb within layouts/application (1.4ms)
Completed 200 OK in 23ms (Views: 22.0ms | ActiveRecord: 0.2ms)


Started GET "/products" for 127.0.0.1 at 2017-12-12 22:59:34 -0700
Processing by ProductsController#index as HTML
  Rendering products/index.html.erb within layouts/application
  [1m[36mProduct Load (0.2ms)[0m  [1m[34mSELECT "products".* FROM "products"[0m
  Rendered products/index.html.erb within layouts/application (1.4ms)
Completed 200 OK in 33ms (Views: 32.0ms | ActiveRecord: 0.2ms)


  [1m[35m (0.1ms)[0m  [1m[34mSELECT "schema_migrations"."version" FROM "schema_migrations" ORDER BY "schema_migrations"."version" ASC[0m
Started GET "/products" for 127.0.0.1 at 2017-12-12 23:00:53 -0700
Processing by ProductsController#index as HTML
  Rendering products/index.html.erb within layouts/application
  [1m[36mProduct Load (0.2ms)[0m  [1m[34mSELECT "products".* FROM "products"[0m
  Rendered products/index.html.erb within layouts/application (1.5ms)
Completed 200 OK in 35ms (Views: 34.2ms | ActiveRecord: 0.2ms)


  [1m[35m (0.1ms)[0m  [1m[34mSELECT "schema_migrations"."version" FROM "schema_migrations" ORDER BY "schema_migrations"."version" ASC[0m
  [1m[35m (0.1ms)[0m  [1m[34mSELECT "schema_migrations"."version" FROM "schema_migrations" ORDER BY "schema_migrations"."version" ASC[0m
Started GET "/products" for 127.0.0.1 at 2017-12-12 23:02:06 -0700
Processing by ProductsController#index as HTML
  Rendering products/index.html.erb within layouts/application
  [1m[36mProduct Load (0.2ms)[0m  [1m[34mSELECT "products".* FROM "products"[0m
  Rendered products/index.html.erb within layouts/application (1.9ms)
Completed 200 OK in 31ms (Views: 30.0ms | ActiveRecord: 0.2ms)


Started GET "/products/new" for 127.0.0.1 at 2017-12-12 23:02:27 -0700
Processing by ProductsController#new as HTML
  Rendering products/new.html.erb within layouts/application
  Rendered products/_form.html.erb (2.6ms)
  Rendered products/new.html.erb within layouts/application (5.5ms)
Completed 200 OK in 36ms (Views: 35.2ms | ActiveRecord: 0.0ms)


Started POST "/products" for 127.0.0.1 at 2017-12-12 23:03:09 -0700
Processing by ProductsController#create as HTML
  Parameters: {"utf8"=>"✓", "authenticity_token"=>"Alj4g5sF+hWDDVp7JgtOBMnYl0IGQb/FpqnUXre58gT9DN8kvc1euAjkuCANpT746MxsKTSgRdyNqNbvk47zGw==", "product"=>{"title"=>"Food", "description"=>"<h1>Looks good!</h1>", "image_url"=>"7apps.jpg", "price"=>"36.00"}, "commit"=>"Create Product"}
  [1m[35m (0.1ms)[0m  [1m[36mbegin transaction[0m
  [1m[35mSQL (1.9ms)[0m  [1m[32mINSERT INTO "products" ("title", "description", "image_url", "price", "created_at", "updated_at") VALUES (?, ?, ?, ?, ?, ?)[0m  [["title", "Food"], ["description", "<h1>Looks good!</h1>"], ["image_url", "7apps.jpg"], ["price", 36.0], ["created_at", "2017-12-13 06:03:09.867271"], ["updated_at", "2017-12-13 06:03:09.867271"]]
  [1m[35m (28.9ms)[0m  [1m[36mcommit transaction[0m
Redirected to http://localhost:3000/products/2
Completed 302 Found in 35ms (ActiveRecord: 30.8ms)


Started GET "/products/2" for 127.0.0.1 at 2017-12-12 23:03:09 -0700
Processing by ProductsController#show as HTML
  Parameters: {"id"=>"2"}
  [1m[36mProduct Load (0.2ms)[0m  [1m[34mSELECT  "products".* FROM "products" WHERE "products"."id" = ? LIMIT ?[0m  [["id", 2], ["LIMIT", 1]]
  Rendering products/show.html.erb within layouts/application
  Rendered products/show.html.erb within layouts/application (0.7ms)
Completed 200 OK in 24ms (Views: 21.8ms | ActiveRecord: 0.2ms)


Started GET "/products" for 127.0.0.1 at 2017-12-12 23:03:12 -0700
Processing by ProductsController#index as HTML
  Rendering products/index.html.erb within layouts/application
  [1m[36mProduct Load (0.2ms)[0m  [1m[34mSELECT "products".* FROM "products"[0m
  Rendered products/index.html.erb within layouts/application (1.8ms)
Completed 200 OK in 39ms (Views: 37.5ms | ActiveRecord: 0.2ms)


  [1m[35m (0.1ms)[0m  [1m[34mSELECT "schema_migrations"."version" FROM "schema_migrations" ORDER BY "schema_migrations"."version" ASC[0m
  [1m[35mSQL (6.9ms)[0m  [1m[31mDELETE FROM "products"[0m
  [1m[35m (0.1ms)[0m  [1m[36mbegin transaction[0m
  [1m[35mSQL (0.4ms)[0m  [1m[32mINSERT INTO "products" ("title", "description", "image_url", "price", "created_at", "updated_at") VALUES (?, ?, ?, ?, ?, ?)[0m  [["title", "Food"], ["description", "<h1>Looks Good!</h1>"], ["image_url", "7apps.jpg"], ["price", 30.0], ["created_at", "2017-12-13 06:12:04.437529"], ["updated_at", "2017-12-13 06:12:04.437529"]]
  [1m[35m (7.8ms)[0m  [1m[36mcommit transaction[0m
  [1m[35m (0.0ms)[0m  [1m[36mbegin transaction[0m
  [1m[35mSQL (0.3ms)[0m  [1m[32mINSERT INTO "products" ("title", "description", "image_url", "created_at", "updated_at") VALUES (?, ?, ?, ?, ?)[0m  [["title", "Gum"], ["description", "<h1>Looks Cheewy!</h1>"], ["image_url", "dcbang.jpg"], ["created_at", "2017-12-13 06:12:04.447397"], ["updated_at", "2017-12-13 06:12:04.447397"]]
  [1m[35m (4.4ms)[0m  [1m[36mcommit transaction[0m
Started GET "/products" for 127.0.0.1 at 2017-12-12 23:12:07 -0700
Processing by ProductsController#index as HTML
  Rendering products/index.html.erb within layouts/application
  [1m[36mProduct Load (0.2ms)[0m  [1m[34mSELECT "products".* FROM "products"[0m
  Rendered products/index.html.erb within layouts/application (3.1ms)
Completed 200 OK in 33ms (Views: 31.8ms | ActiveRecord: 0.2ms)


Started GET "/products" for 127.0.0.1 at 2017-12-12 23:15:09 -0700
Processing by ProductsController#index as HTML
  Rendering products/index.html.erb within layouts/application
  [1m[36mProduct Load (0.3ms)[0m  [1m[34mSELECT "products".* FROM "products"[0m
  Rendered products/index.html.erb within layouts/application (3.1ms)
Completed 200 OK in 38ms (Views: 37.1ms | ActiveRecord: 0.3ms)


  [1m[35m (0.1ms)[0m  [1m[34mSELECT "schema_migrations"."version" FROM "schema_migrations" ORDER BY "schema_migrations"."version" ASC[0m
Started GET "/products" for 127.0.0.1 at 2017-12-12 23:15:25 -0700
Processing by ProductsController#index as HTML
  Rendering products/index.html.erb within layouts/application
  [1m[36mProduct Load (0.2ms)[0m  [1m[34mSELECT "products".* FROM "products"[0m
  Rendered products/index.html.erb within layouts/application (2.0ms)
Completed 200 OK in 19ms (Views: 18.1ms | ActiveRecord: 0.2ms)


  [1m[35m (0.2ms)[0m  [1m[34mSELECT "schema_migrations"."version" FROM "schema_migrations" ORDER BY "schema_migrations"."version" ASC[0m
  [1m[35mSQL (9.7ms)[0m  [1m[31mDELETE FROM "products"[0m
  [1m[35m (0.1ms)[0m  [1m[36mbegin transaction[0m
  [1m[35mSQL (1.1ms)[0m  [1m[32mINSERT INTO "products" ("title", "description", "image_url", "price", "created_at", "updated_at") VALUES (?, ?, ?, ?, ?, ?)[0m  [["title", "Chips"], ["description", "<h1>Looks Crunchy!</h1>"], ["image_url", "7apps.jpg"], ["price", 30.0], ["created_at", "2017-12-13 06:16:19.066561"], ["updated_at", "2017-12-13 06:16:19.066561"]]
  [1m[35m (5.2ms)[0m  [1m[36mcommit transaction[0m
  [1m[35m (0.1ms)[0m  [1m[36mbegin transaction[0m
  [1m[35mSQL (1.3ms)[0m  [1m[32mINSERT INTO "products" ("title", "description", "image_url", "price", "created_at", "updated_at") VALUES (?, ?, ?, ?, ?, ?)[0m  [["title", "Gum"], ["description", "<h1>Looks Chewy!</h1>"], ["image_url", "dcbang.jpg"], ["price", 2.0], ["created_at", "2017-12-13 06:16:19.076038"], ["updated_at", "2017-12-13 06:16:19.076038"]]
  [1m[35m (5.7ms)[0m  [1m[36mcommit transaction[0m
  [1m[35m (0.1ms)[0m  [1m[36mbegin transaction[0m
  [1m[35mSQL (1.4ms)[0m  [1m[32mINSERT INTO "products" ("title", "description", "image_url", "price", "created_at", "updated_at") VALUES (?, ?, ?, ?, ?, ?)[0m  [["title", "Pizza"], ["description", "<h1>Looks Cheesy!</h1>"], ["image_url", "pizza.jpg"], ["price", 5.0], ["created_at", "2017-12-13 06:16:19.086156"], ["updated_at", "2017-12-13 06:16:19.086156"]]
  [1m[35m (8.2ms)[0m  [1m[36mcommit transaction[0m
Started GET "/products" for 127.0.0.1 at 2017-12-12 23:16:22 -0700
Processing by ProductsController#index as HTML
  Rendering products/index.html.erb within layouts/application
  [1m[36mProduct Load (0.2ms)[0m  [1m[34mSELECT "products".* FROM "products"[0m
  Rendered products/index.html.erb within layouts/application (5.9ms)
Completed 200 OK in 49ms (Views: 48.1ms | ActiveRecord: 0.2ms)


Started GET "/products/5" for 127.0.0.1 at 2017-12-12 23:16:28 -0700
Processing by ProductsController#show as HTML
  Parameters: {"id"=>"5"}
  [1m[36mProduct Load (0.1ms)[0m  [1m[34mSELECT  "products".* FROM "products" WHERE "products"."id" = ? LIMIT ?[0m  [["id", 5], ["LIMIT", 1]]
  Rendering products/show.html.erb within layouts/application
  Rendered products/show.html.erb within layouts/application (0.9ms)
Completed 200 OK in 40ms (Views: 38.1ms | ActiveRecord: 0.1ms)


Started GET "/products" for 127.0.0.1 at 2017-12-12 23:16:31 -0700
Processing by ProductsController#index as HTML
  Rendering products/index.html.erb within layouts/application
  [1m[36mProduct Load (0.4ms)[0m  [1m[34mSELECT "products".* FROM "products"[0m
  Rendered products/index.html.erb within layouts/application (3.0ms)
Completed 200 OK in 29ms (Views: 27.6ms | ActiveRecord: 0.4ms)


Started GET "/products/5" for 127.0.0.1 at 2017-12-12 23:20:06 -0700
Processing by ProductsController#show as HTML
  Parameters: {"id"=>"5"}
  [1m[36mProduct Load (0.1ms)[0m  [1m[34mSELECT  "products".* FROM "products" WHERE "products"."id" = ? LIMIT ?[0m  [["id", 5], ["LIMIT", 1]]
  Rendering products/show.html.erb within layouts/application
  Rendered products/show.html.erb within layouts/application (0.8ms)
Completed 200 OK in 43ms (Views: 41.9ms | ActiveRecord: 0.1ms)


Started GET "/products" for 127.0.0.1 at 2017-12-12 23:20:09 -0700
Processing by ProductsController#index as HTML
  Rendering products/index.html.erb within layouts/application
  [1m[36mProduct Load (0.2ms)[0m  [1m[34mSELECT "products".* FROM "products"[0m
  Rendered products/index.html.erb within layouts/application (2.4ms)
Completed 200 OK in 44ms (Views: 42.2ms | ActiveRecord: 0.2ms)


